Removed Pin From Net: NetName=GND Pin=joytick1-1_VR2
Removed Pin From Net: NetName=VCC Pin=joytick1-3_VR2
Removed Pin From Net: NetName=com4 Pin=P10-1
Removed Pin From Net: NetName=C Pin=P10-2
Removed Pin From Net: NetName=B Pin=P10-3
Removed Pin From Net: NetName=A Pin=P10-4
Removed Pin From Net: NetName=GND Pin=P10-5
Removed Pin From Net: NetName=VCC Pin=P10-6
Removed Pin From Net: NetName=Netjoytick1_2_VR1 Pin=U4-12
Removed Pin From Net: NetName=Netjoytick1_2_VR2 Pin=U4-13
Added Pin To Net: NetName=VCC Pin=joytick1-1_VR2
Added Pin To Net: NetName=GND Pin=joytick1-3_VR2
Added Pin To Net: NetName=GND Pin=P10-1
Added Pin To Net: NetName=com4 Pin=P10-2
Added Pin To Net: NetName=A Pin=P10-3
Added Pin To Net: NetName=VCC Pin=P10-4
Added Pin To Net: NetName=B Pin=P10-5
Added Pin To Net: NetName=C Pin=P10-6
Added Pin To Net: NetName=Netjoytick1_2_VR2 Pin=U4-12
Added Pin To Net: NetName=Netjoytick1_2_VR1 Pin=U4-13
